2021-01-05 11:47:34,796 INFO:main.py:235:print_splash_screen:PDB2PQR v3.1.0: biomolecular structure conversion software.
2021-01-05 11:47:34,797 INFO:main.py:237:print_splash_screen:Please cite:  Jurrus E, et al.  Improvements to the APBS biomolecular solvation software suite.  Protein Sci 27 112-128 (2018).
2021-01-05 11:47:34,797 INFO:main.py:237:print_splash_screen:Please cite:  Dolinsky TJ, et al.  PDB2PQR: expanding and upgrading automated preparation of biomolecular structures for molecular simulations. Nucleic Acids Res 35 W522-W525 (2007).
2021-01-05 11:47:34,797 INFO:main.py:728:main_driver:Checking and transforming input arguments.
2021-01-05 11:47:34,799 INFO:main.py:732:main_driver:Loading topology files.
2021-01-05 11:47:34,994 INFO:main.py:734:main_driver:Loading molecule: substrate.pdb
2021-01-05 11:47:34,998 INFO:main.py:739:main_driver:Setting up molecule.
2021-01-05 11:47:34,999 INFO:main.py:405:setup_molecule:Created biomolecule object with 6 residues and 49 atoms.
2021-01-05 11:47:34,999 INFO:main.py:743:main_driver:Setting termini states for biomolecule chains.
2021-01-05 11:47:35,002 INFO:main.py:589:non_trivial:Loading forcefield.
2021-01-05 11:47:35,025 INFO:main.py:593:non_trivial:Loading hydrogen topology definitions.
2021-01-05 11:47:35,028 INFO:main.py:603:non_trivial:Attempting to repair 1 missing atoms in biomolecule.
2021-01-05 11:47:35,029 INFO:main.py:607:non_trivial:Updating disulfide bridges.
2021-01-05 11:47:35,029 INFO:main.py:626:non_trivial:Adding hydrogens to biomolecule.
2021-01-05 11:47:35,037 INFO:main.py:631:non_trivial:Optimizing hydrogen bonds
2021-01-05 11:47:35,039 INFO:main.py:643:non_trivial:Applying force field to biomolecule states.
2021-01-05 11:47:35,039 INFO:main.py:681:non_trivial:Applying custom naming scheme (amber).
2021-01-05 11:47:35,040 INFO:main.py:687:non_trivial:Regenerating headers.
2021-01-05 11:47:35,040 INFO:main.py:712:non_trivial:Regenerating PDB lines.
2021-01-05 11:47:35,041 WARNING:main.py:307:print_pqr:Ignoring 1741 header lines in output.
2021-01-05 11:47:35,041 WARNING:main.py:311:print_pqr:Ignoring 29 missing lines in output.
