            --------------------------------------------------------
                             AMBER SQM VERSION 19
 
                                     By
              Ross C. Walker, Michael F. Crowley, Scott Brozell,
                         Tim Giese, Andreas W. Goetz,
                        Tai-Sung Lee and David A. Case
 
            --------------------------------------------------------
 

--------------------------------------------------------------------------------
  QM CALCULATION INFO
--------------------------------------------------------------------------------

| QMMM: Citation for AMBER QMMM Run:
| QMMM: R.C. Walker, M.F. Crowley and D.A. Case, J. COMP. CHEM. 29:1019, 2008

QMMM: SINGLET STATE CALCULATION
QMMM: RHF CALCULATION, NO. OF DOUBLY OCCUPIED LEVELS =121

| QMMM: *** Selected Hamiltonian *** 
| QMMM: AM1         

| QMMM: *** Parameter sets in use ***
| QMMM: P : M.J.S.DEWAR et al. THEOCHEM, 187,1, (1989)
| QMMM: O : M.J.S.DEWAR et al. JACS, 107, 3902, (1985)
| QMMM: C : M.J.S.DEWAR et al. JACS, 107, 3902, (1985)
| QMMM: N : M.J.S.DEWAR et al. JACS, 107, 3902, (1985)
| QMMM: H : M.J.S.DEWAR et al. JACS, 107, 3902, (1985)

| QMMM: *** SCF convergence criteria ***
| QMMM: Energy change                :  0.1D-09 kcal/mol
| QMMM: Error matrix |FP-PF|         :  0.1D+00 au
| QMMM: Density matrix change        :  0.5D-06
| QMMM: Maximum number of SCF cycles :     1000

| QMMM: *** Diagonalization Routine Information ***
| QMMM: Pseudo diagonalizations are allowed.
| QMMM: Auto diagonalization routine selection is in use.
| QMMM:
| QMMM: Timing diagonalization routines:
| QMMM:                              norbs =      203
| QMMM:    diag iterations used for timing =        4
| QMMM:
| QMMM:              Internal diag routine = 0.105668 seconds
| QMMM:                 Dspev diag routine = 0.166638 seconds
| QMMM:                Dspevd diag routine = 0.094832 seconds
| QMMM:                Dspevx diag routine = 0.257693 seconds
| QMMM:                 Dsyev diag routine = 0.171390 seconds
| QMMM:                Dsyevd diag routine = 0.106507 seconds
| QMMM:                Dsyevr diag routine = 0.096335 seconds
| QMMM:
| QMMM:                Pseudo diag routine = 0.055211 seconds
| QMMM:
| QMMM: Using dspevd routine (diag_routine=3).

  QMMM: QM Region Cartesian Coordinates (*=link atom) 
  QMMM: QM_NO.   MM_NO.  ATOM         X         Y         Z
  QMMM:     1        1      P       82.3510   77.9120   42.1910
  QMMM:     2        2      O       82.4070   79.3960   42.2750
  QMMM:     3        3      O       82.8520   77.3040   40.7890
  QMMM:     4        4      O       83.3970   77.2000   43.2090
  QMMM:     5        5      C       83.6800   77.9570   44.4110
  QMMM:     6        6      C       84.2170   77.1160   45.5900
  QMMM:     7        7      O       83.6580   77.5980   46.8370
  QMMM:     8        8      C       83.7220   75.6460   45.4670
  QMMM:     9        9      O       84.8340   74.7470   45.5770
  QMMM:    10       10      C       82.7240   75.4770   46.6290
  QMMM:    11       11      O       82.6650   74.1420   47.1440
  QMMM:    12       12      C       83.2250   76.4940   47.6630
  QMMM:    13       13      N       82.2110   76.9180   48.6400
  QMMM:    14       14      C       81.6010   78.1510   48.8050
  QMMM:    15       15      N       80.6080   78.2180   49.7680
  QMMM:    16       16      C       80.6340   76.9340   50.2080
  QMMM:    17       17      C       79.8340   76.3590   51.2180
  QMMM:    18       18      N       78.8610   77.0620   51.9170
  QMMM:    19       19      N       79.9870   75.0630   51.5500
  QMMM:    20       20      C       80.9280   74.3630   50.8750
  QMMM:    21       21      N       81.7340   74.8290   49.8940
  QMMM:    22       22      C       81.5720   76.1270   49.5680
  QMMM:    23       23      O       80.8610   77.2870   42.2780
  QMMM:    24       24      P       80.0120   77.2920   43.6550
  QMMM:    25       25      O       80.2220   76.0970   44.5140
  QMMM:    26       26      O       78.5180   77.4420   43.0790
  QMMM:    27       27      O       80.1490   78.6850   44.4830
  QMMM:    28       28      C       79.9630   78.5550   45.9160
  QMMM:    29       29      C       78.5680   78.9680   46.4340
  QMMM:    30       30      O       77.7690   79.5240   45.3760
  QMMM:    31       31      C       77.7650   77.7160   46.8720
  QMMM:    32       32      O       77.8480   77.5310   48.2910
  QMMM:    33       33      C       76.3210   77.9310   46.3460
  QMMM:    34       34      O       75.3330   77.9150   47.3850
  QMMM:    35       35      C       76.3680   79.3080   45.6540
  QMMM:    36       36      N       75.5750   79.3850   44.4090
  QMMM:    37       37      C       76.2230   79.6890   43.2020
  QMMM:    38       38      C       75.6260   79.5030   41.9980
  QMMM:    39       39      C       76.3770   79.8210   40.7400
  QMMM:    40       40      O       77.5800   79.9990   40.7190
  QMMM:    41       41      N       75.6500   79.8960   39.5690
  QMMM:    42       42      C       74.1870   78.9730   41.8870
  QMMM:    43       43      C       73.5560   78.7910   43.2550
  QMMM:    44       44      C       74.2310   79.0010   44.3910
  QMMM:    45       45      H       76.9520   77.6170   48.6570
  QMMM:    46       46      H       84.6430   74.1430   46.3190
  QMMM:    47       47      H       75.4950   77.1290   47.9340
  QMMM:    48       48      H       82.2740   74.1760   48.0320
  QMMM:    49       49      H       76.1320   80.1170   38.7070
  QMMM:    50       50      H       74.6500   79.7300   39.5750
  QMMM:    51       51      H       78.0040   77.3260   51.4510
  QMMM:    52       52      H       79.1150   77.5060   52.7900
  QMMM:    53       53      H       80.2610   77.6640   46.2240
  QMMM:    54       54      H       84.2230   78.7550   44.1990
  QMMM:    55       55      H       80.7150   78.9730   46.4020
  QMMM:    56       56      H       82.9160   78.5410   44.6420
  QMMM:    57       57      H       81.8620   78.9470   48.2590
  QMMM:    58       58      H       83.9520   76.1500   48.2560
  QMMM:    59       59      H       75.9880   80.0420   46.2160
  QMMM:    60       60      H       81.0390   73.4010   51.1270
  QMMM:    61       61      H       73.7220   78.8680   45.2410
  QMMM:    62       62      H       78.6970   79.6600   47.1440
  QMMM:    63       63      H       85.2120   77.2070   45.6240
  QMMM:    64       64      H       78.1440   76.8440   46.5620
  QMMM:    65       65      H       83.3350   75.3900   44.5800
  QMMM:    66       66      H       77.1530   80.0550   43.1990
  QMMM:    67       67      H       75.9910   77.1790   45.7730
  QMMM:    68       68      H       81.7630   75.5760   46.3700
  QMMM:    69       69      H       73.6180   79.4880   41.2620
  QMMM:    70       70      H       74.0980   78.1740   41.3080
  QMMM:    71       71      H       72.6110   78.5070   43.4220

--------------------------------------------------------------------------------
  RESULTS
--------------------------------------------------------------------------------

      iter         sqm energy              rms gradient
      ----    -------------------    -----------------------
xmin    10     -660.2326 kcal/mol        4.6167 kcal/(mol*A)
xmin    20     -684.8197 kcal/mol        1.1631 kcal/(mol*A)
xmin    30     -693.6523 kcal/mol        2.9347 kcal/(mol*A)
xmin    40     -698.9818 kcal/mol        0.3417 kcal/(mol*A)
xmin    50     -701.3643 kcal/mol        1.7142 kcal/(mol*A)
xmin    60     -706.7971 kcal/mol        0.4204 kcal/(mol*A)
xmin    70     -706.9604 kcal/mol        0.0469 kcal/(mol*A)
xmin    80     -706.9666 kcal/mol        0.0127 kcal/(mol*A)
xmin    90     -706.9669 kcal/mol        0.0027 kcal/(mol*A)
  ... geometry converged !
 
 Final MO eigenvalues (eV):
 -37.6124  -37.3767  -36.3475  -35.6214  -34.5842  -33.9109  -33.6219  -33.0139
 -32.7138  -32.4152  -32.1229  -32.0683  -31.8070  -29.7344  -29.4122  -29.2104
 -29.0140  -28.4759  -27.6739  -27.6209  -27.4434  -27.3531  -27.2343  -26.5691
 -26.1200  -25.4138  -25.3078  -24.6370  -22.2256  -21.3405  -20.8482  -20.3473
 -20.0415  -19.8512  -18.7529  -18.4280  -17.8293  -17.0876  -16.7802  -16.5916
 -15.2512  -14.9820  -14.9317  -14.8182  -14.6415  -14.0080  -13.5004  -13.4303
 -13.2415  -13.1631  -13.1279  -13.0264  -12.8749  -12.7544  -12.6887  -12.3252
 -12.1911  -11.8407  -11.8126  -11.7316  -11.5861  -11.5068  -11.4298  -11.1573
 -10.9620  -10.8726  -10.8330  -10.6586  -10.3716  -10.3512  -10.2644  -10.0134
  -9.9128   -9.7437   -9.6659   -9.5982   -9.3920   -9.3454   -9.3313   -9.1729
  -9.1054   -9.0240   -8.8780   -8.7478   -8.6947   -8.6183   -8.3169   -8.2805
  -7.8985   -7.8836   -7.7025   -7.5850   -7.5412   -7.4900   -7.3943   -7.2168
  -7.0065   -6.8071   -6.7914   -6.7136   -6.5794   -6.4471   -6.3093   -6.1912
  -6.1260   -6.1061   -5.9662   -5.9273   -5.6508   -5.6115   -5.3826   -5.2778
  -5.2340   -5.1162   -4.9869   -4.9015   -4.8464   -4.7787   -4.6481   -4.5836
  -3.8937    3.8351    4.2067    4.8381    5.3636    5.5400    5.8887    6.0340
   6.1461    6.6693    6.9053    7.0154    7.0542    7.1284    7.2301    7.3364
   7.4994    7.5400    7.5799    7.5878    7.6506    7.7372    7.7698    7.8124
   7.8719    7.9685    8.0628    8.1766    8.2905    8.3091    8.3680    8.4701
   8.5030    8.5331    8.5770    8.5852    8.6973    8.7421    8.7775    8.8880
   8.9199    8.9495    8.9722    9.0549    9.1905    9.2213    9.2789    9.3277
   9.3464    9.3983    9.4388    9.4668    9.5420    9.5795    9.6019    9.6311
   9.7080    9.7235    9.7725    9.7956    9.9572    9.9745   10.0263   10.1418
  10.3528   10.3960   10.4694   10.4988   10.6290   10.7895   10.7921   10.8807
  11.0047   11.0222   11.3090   11.7748   11.9944   12.2830   12.6698   13.0141
  13.9076   14.3685   14.6141

 Heat of formation   =       -706.96694346 kcal/mol  (      -30.65638712 eV)

 Total SCF energy    =    -213550.46644611 kcal/mol  (    -9260.24311375 eV)
 Electronic energy   =   -2078711.77614467 kcal/mol  (   -90139.70669722 eV)
 Core-core repulsion =    1865161.30969856 kcal/mol  (    80879.46358348 eV)
 
    Atomic Charges for Step       1 :
  Atom    Element       Mulliken Charge
     1      P                  2.713
     2      O                 -1.221
     3      O                 -1.161
     4      O                 -0.753
     5      C                  0.031
     6      C                  0.003
     7      O                 -0.298
     8      C                 -0.010
     9      O                 -0.353
    10      C                 -0.007
    11      O                 -0.358
    12      C                  0.147
    13      N                 -0.172
    14      C                  0.005
    15      N                 -0.170
    16      C                 -0.207
    17      C                  0.169
    18      N                 -0.326
    19      N                 -0.274
    20      C                 -0.022
    21      N                 -0.183
    22      C                  0.051
    23      O                 -1.289
    24      P                  2.726
    25      O                 -1.227
    26      O                 -1.173
    27      O                 -0.775
    28      C                  0.016
    29      C                 -0.027
    30      O                 -0.281
    31      C                 -0.053
    32      O                 -0.317
    33      C                 -0.048
    34      O                 -0.352
    35      C                  0.162
    36      N                 -0.233
    37      C                  0.028
    38      C                 -0.251
    39      C                  0.346
    40      O                 -0.467
    41      N                 -0.390
    42      C                 -0.044
    43      C                 -0.257
    44      C                 -0.031
    45      H                  0.187
    46      H                  0.213
    47      H                  0.220
    48      H                  0.269
    49      H                  0.215
    50      H                  0.278
    51      H                  0.215
    52      H                  0.188
    53      H                  0.133
    54      H                  0.044
    55      H                  0.074
    56      H                  0.099
    57      H                  0.303
    58      H                  0.140
    59      H                  0.105
    60      H                  0.165
    61      H                  0.130
    62      H                  0.108
    63      H                  0.107
    64      H                  0.225
    65      H                  0.153
    66      H                  0.215
    67      H                  0.124
    68      H                  0.153
    69      H                  0.081
    70      H                  0.073
    71      H                  0.112
 Total Mulliken Charge =      -2.000
 
                  X        Y        Z     TOTAL  
  QM DIPOLE  -774.170 -751.416 -424.560 1159.404
 
 Final Structure

  QMMM: QM Region Cartesian Coordinates (*=link atom) 
  QMMM: QM_NO.   MM_NO.  ATOM         X         Y         Z
  QMMM:     1        1      P       82.5557   79.1647   44.2373
  QMMM:     2        2      O       82.1884   79.3250   45.6661
  QMMM:     3        3      O       83.1126   80.2229   43.3893
  QMMM:     4        4      O       83.6143   77.8800   44.1999
  QMMM:     5        5      C       84.2527   77.5152   45.3761
  QMMM:     6        6      C       84.0675   76.0219   45.7051
  QMMM:     7        7      O       83.9558   75.8621   47.1386
  QMMM:     8        8      C       82.7987   75.4042   45.1046
  QMMM:     9        9      O       83.0330   74.0148   44.9110
  QMMM:    10       10      C       81.7431   75.6655   46.2046
  QMMM:    11       11      O       80.7612   74.6576   46.2158
  QMMM:    12       12      C       82.5903   75.5975   47.5150
  QMMM:    13       13      N       82.1772   76.5170   48.5526
  QMMM:    14       14      C       81.9298   77.9109   48.4560
  QMMM:    15       15      N       81.6461   78.4850   49.6378
  QMMM:    16       16      C       81.7196   77.4510   50.5817
  QMMM:    17       17      C       81.5114   77.4099   51.9930
  QMMM:    18       18      N       81.2636   78.5924   52.6941
  QMMM:    19       19      N       81.6205   76.2131   52.6525
  QMMM:    20       20      C       81.9620   75.1237   51.9078
  QMMM:    21       21      N       82.2010   75.0098   50.5839
  QMMM:    22       22      C       82.0691   76.1953   49.9140
  QMMM:    23       23      O       81.2469   78.4434   43.5745
  QMMM:    24       24      P       79.8838   77.6503   43.2120
  QMMM:    25       25      O       79.8223   76.4940   44.1421
  QMMM:    26       26      O       79.5876   77.5817   41.7725
  QMMM:    27       27      O       78.7462   78.7182   43.7657
  QMMM:    28       28      C       78.9719   79.3937   44.9581
  QMMM:    29       29      C       77.9558   79.0258   46.0463
  QMMM:    30       30      O       76.6933   79.6847   45.8166
  QMMM:    31       31      C       77.6936   77.5193   46.1689
  QMMM:    32       32      O       77.7933   77.0506   47.4982
  QMMM:    33       33      C       76.2570   77.3160   45.6442
  QMMM:    34       34      O       75.4426   76.6122   46.5677
  QMMM:    35       35      C       75.6518   78.7499   45.5166
  QMMM:    36       36      N       75.0374   79.0468   44.2307
  QMMM:    37       37      C       75.8286   79.2780   43.1048
  QMMM:    38       38      C       75.3413   79.2015   41.8391
  QMMM:    39       39      C       76.1815   79.4614   40.6432
  QMMM:    40       40      O       75.6554   79.8519   39.5652
  QMMM:    41       41      N       77.5338   79.2958   40.7252
  QMMM:    42       42      C       73.9162   78.8668   41.5575
  QMMM:    43       43      C       73.1535   78.5817   42.7985
  QMMM:    44       44      C       73.7121   78.6466   44.0271
  QMMM:    45       45      H       77.2547   77.6313   48.0507
  QMMM:    46       46      H       82.1653   73.5887   44.9407
  QMMM:    47       47      H       75.9955   75.9145   46.9483
  QMMM:    48       48      H       80.0818   74.9612   45.5835
  QMMM:    49       49      H       78.0684   79.3569   39.8932
  QMMM:    50       50      H       77.9748   78.8182   41.4916
  QMMM:    51       51      H       80.9294   79.3379   52.1246
  QMMM:    52       52      H       80.8011   78.4944   53.5685
  QMMM:    53       53      H       80.0163   79.1790   45.3432
  QMMM:    54       54      H       85.3610   77.6904   45.2491
  QMMM:    55       55      H       78.8637   80.4992   44.7617
  QMMM:    56       56      H       83.8813   78.1299   46.2453
  QMMM:    57       57      H       81.9657   78.4497   47.4750
  QMMM:    58       58      H       82.5718   74.5539   47.9471
  QMMM:    59       59      H       74.8596   78.9059   46.3104
  QMMM:    60       60      H       82.0519   74.1817   52.4867
  QMMM:    61       61      H       73.1466   78.4120   44.9462
  QMMM:    62       62      H       78.3188   79.4529   47.0240
  QMMM:    63       63      H       84.9789   75.4313   45.4258
  QMMM:    64       64      H       78.4600   76.9215   45.5768
  QMMM:    65       65      H       82.5149   75.8542   44.1206
  QMMM:    66       66      H       76.8788   79.5581   43.3427
  QMMM:    67       67      H       76.2672   76.7686   44.6654
  QMMM:    68       68      H       81.2742   76.6770   46.0695
  QMMM:    69       69      H       73.4408   79.7213   40.9992
  QMMM:    70       70      H       73.8694   77.9762   40.8708
  QMMM:    71       71      H       72.0975   78.3109   42.6810

           --------- Calculation Completed ----------

